<?xml version="1.0" encoding="UTF-8"?>
<testsuite name="com.xgen.interview.ShoppingCartTest" tests="6" skipped="0" failures="0" errors="0" timestamp="2022-11-30T08:10:19" hostname="Fredriks-MacBook-Pro.local" time="0.027">
  <properties/>
  <testcase name="doesntExplodeOnMysteryItem" classname="com.xgen.interview.ShoppingCartTest" time="0.003"/>
  <testcase name="canAddAnItem" classname="com.xgen.interview.ShoppingCartTest" time="0.0"/>
  <testcase name="canAddMoreThanOneItem" classname="com.xgen.interview.ShoppingCartTest" time="0.0"/>
  <testcase name="canAddDifferentItems" classname="com.xgen.interview.ShoppingCartTest" time="0.005"/>
  <testcase name="cantAddNegativeNumber" classname="com.xgen.interview.ShoppingCartTest" time="0.0"/>
  <testcase name="canAddManyDifferentWithCorrectOrder" classname="com.xgen.interview.ShoppingCartTest" time="0.018"/>
  <system-out><![CDATA[]]></system-out>
  <system-err><![CDATA[]]></system-err>
</testsuite>
